<?xml version="1.0" encoding="UTF-8"?>
<!-- Generated by org.testng.reporters.JUnitReportReporter -->
<testsuite skipped="0" hostname="QAPPS02" name="com.Parallel_testing_in_TestNG.Parallel_Test" tests="3" failures="0" timestamp="04 Sep 2019 11:26:16 GMT" time="159.076" errors="0">
  <testcase name="Test1" time="132.176" classname="com.Parallel_testing_in_TestNG.Parallel_Test"/>
  <testcase name="Test1" time="17.577" classname="com.Parallel_testing_in_TestNG.Parallel_Test"/>
  <testcase name="Test1" time="9.323" classname="com.Parallel_testing_in_TestNG.Parallel_Test"/>
</testsuite> <!-- com.Parallel_testing_in_TestNG.Parallel_Test -->
